<?xml version="1.0" encoding="UTF-8" ?>
<testsuite failures="0" time="43.624" errors="0" skipped="6" tests="18" name="fundtransfer.test.RunCukesTest">
  <properties>
[...]
</properties>
  <testcase time="0.001" classname="Given the user is on Fund Transfer Page   " name="Given the user is on Fund Transfer Page   "/>
  <testcase time="0.001" classname="When he enters \&quot;Jim\&quot; as payee name    " name="When he enters \&quot;Jim\&quot; as payee name    "/>
  <testcase time="0" classname="And he enters \&quot;100\&quot; as amount     " name="And he enters \&quot;100\&quot; as amount     "/>
  <testcase time="0" classname="And he Submits request for Fund Transfer      " name="And he Submits request for Fund Transfer      "/>
  <testcase time="0.005" classname="Then ensure the fund transfer is complete with \&quot;$100 transferred successfully to Jim!!\&quot; message       " name="Then ensure the fund transfer is complete with \&quot;$100 transferred successfully to Jim!!\&quot; message       ">
    <skipped/>
  </testcase>
  <testcase time="0.02" classname="Scenario: Valid Payee  " name="Scenario: Valid Payee  ">
    <skipped/>
  </testcase>
  <testcase time="0" classname="Given the user is on Fund Transfer Page         " name="Given the user is on Fund Transfer Page         "/>
  <testcase time="0" classname="When he enters \&quot;Jack\&quot; as payee name          " name="When he enters \&quot;Jack\&quot; as payee name          "/>
  <testcase time="0" classname="And he enters \&quot;100\&quot; as amount           " name="And he enters \&quot;100\&quot; as amount           "/>
  <testcase time="0" classname="And he Submits request for Fund Transfer            " name="And he Submits request for Fund Transfer            "/>
  <testcase time="0.003" classname="Then ensure a transaction failure message \&quot;Transfer failed!! \&apos;Jack\&apos; is not registered in your List of Payees\&quot;is displayed             " name="Then ensure a transaction failure message \&quot;Transfer failed!! \&apos;Jack\&apos; is not registered in your List of Payees\&quot;is displayed             ">
    <skipped/>
  </testcase>
  <testcase time="0.033" classname="Scenario: Invalid Payee        " name="Scenario: Invalid Payee        ">
    <skipped/>
  </testcase>
  <testcase time="0" classname="Given the user is on Fund Transfer Page               " name="Given the user is on Fund Transfer Page               "/>
  <testcase time="0" classname="When he enters \&quot;Tim\&quot; as payee name                " name="When he enters \&quot;Tim\&quot; as payee name                "/>
  <testcase time="0" classname="And he enters \&quot;1000000\&quot; as amount                 " name="And he enters \&quot;1000000\&quot; as amount                 "/>
  <testcase time="0" classname="And he Submits request for Fund Transfer                  " name="And he Submits request for Fund Transfer                  "/>
  <testcase time="0.005" classname="Then ensure a transaction failure message \&quot;Transfer failed!! account cannot be overdrawn\&quot; is displayed                   " name="Then ensure a transaction failure message \&quot;Transfer failed!! account cannot be overdrawn\&quot; is displayed                   ">
    <skipped/>
  </testcase>
  <testcase time="0.018" classname="Scenario: Account is overdrawn past the overdraft limit              " name="Scenario: Account is overdrawn past the overdraft limit              ">
    <skipped/>
  </testcase>
</testsuite>